<?xml version="1.0" encoding="UTF-8"?>
<testsuite xmlns:xsi="http://www.w3.org/2001/XMLSchema-instance" xsi:noNamespaceSchemaLocation="https://maven.apache.org/surefire/maven-surefire-plugin/xsd/surefire-test-report-3.0.xsd" version="3.0" name="dev.skullbug.demo.skullbug.SkullbugApplicationTests" time="1.312" tests="1" errors="0" skipped="0" failures="0">
  <properties>
[...]
</properties>
  <testcase name="contextLoads" classname="dev.skullbug.demo.skullbug.SkullbugApplicationTests" time="0.367">
    <system-out><![CDATA[21:05:47.963 [main] INFO org.springframework.test.context.support.AnnotationConfigContextLoaderUtils -- Could not detect default configuration classes for test class [dev.skullbug.demo.skullbug.SkullbugApplicationTests]: SkullbugApplicationTests does not declare any static, non-private, non-final, nested classes annotated with @Configuration.
21:05:48.007 [main] INFO org.springframework.boot.test.context.SpringBootTestContextBootstrapper -- Found @SpringBootConfiguration dev.skullbug.demo.skullbug.SkullbugApplication for test class dev.skullbug.demo.skullbug.SkullbugApplicationTests

  .   ____          _            __ _ _
 /\\ / ___'_ __ _ _(_)_ __  __ _ \ \ \ \
( ( )\___ | '_ | '_| | '_ \/ _` | \ \ \ \
 \\/  ___)| |_)| | | | | || (_| |  ) ) ) )
  '  |____| .__|_| |_|_| |_\__, | / / / /
 =========|_|==============|___/=/_/_/_/

 :: Spring Boot ::                (v3.3.2)

2024-07-28T21:05:48.143+02:00  INFO 5968 --- [skullbug ] [           main] d.s.d.skullbug.SkullbugApplicationTests  : Starting SkullbugApplicationTests using Java 17.0.10 with PID 5968 (started by romeo in /Users/romeo/code/berlincoders/skullbug)
2024-07-28T21:05:48.146+02:00  INFO 5968 --- [skullbug ] [           main] d.s.d.skullbug.SkullbugApplicationTests  : No active profile set, falling back to 1 default profile: "default"
2024-07-28T21:05:48.364+02:00  INFO 5968 --- [skullbug ] [           main] .s.d.r.c.RepositoryConfigurationDelegate : Bootstrapping Spring Data JDBC repositories in DEFAULT mode.
2024-07-28T21:05:48.370+02:00  INFO 5968 --- [skullbug ] [           main] .s.d.r.c.RepositoryConfigurationDelegate : Finished Spring Data repository scanning in 4 ms. Found 0 JDBC repository interfaces.
2024-07-28T21:05:48.698+02:00  INFO 5968 --- [skullbug ] [           main] com.zaxxer.hikari.HikariDataSource       : HikariPool-1 - Starting...
2024-07-28T21:05:48.769+02:00  INFO 5968 --- [skullbug ] [           main] com.zaxxer.hikari.pool.HikariPool        : HikariPool-1 - Added connection conn0: url=jdbc:h2:mem:9d6d4c94-c9d3-43c2-bd36-aff85170db28 user=SA
2024-07-28T21:05:48.770+02:00  INFO 5968 --- [skullbug ] [           main] com.zaxxer.hikari.HikariDataSource       : HikariPool-1 - Start completed.
2024-07-28T21:05:48.825+02:00  INFO 5968 --- [skullbug ] [           main] d.s.d.skullbug.SkullbugApplicationTests  : Started SkullbugApplicationTests in 0.769 seconds (process running for 1.139)
]]></system-out>
  </testcase>
</testsuite>